<?xml version="1.0" encoding="UTF-8"?>
<testng-results skipped="0" failed="0" ignored="0" total="1" passed="1">
  <reporter-output>
  </reporter-output>
  <suite name="Test Suite" duration-ms="29162" started-at="2018-08-15T16:37:51Z" finished-at="2018-08-15T16:38:20Z">
    <groups>
      <group name="cucumber">
        <method signature="AbstractTestNGCucumberTests.feature(cucumber.api.testng.CucumberFeatureWrapper)[pri:0, instance:runner.TestRunner@7a79be86]" name="feature" class="cucumber.api.testng.AbstractTestNGCucumberTests"/>
      </group> <!-- cucumber -->
    </groups>
    <test name="Chrome Test" duration-ms="29162" started-at="2018-08-15T16:37:51Z" finished-at="2018-08-15T16:38:20Z">
      <class name="runner.TestRunner">
        <test-method status="PASS" signature="setUpClass()[pri:0, instance:runner.TestRunner@7a79be86]" name="setUpClass" is-config="true" duration-ms="300" started-at="2018-08-15T16:37:51Z" finished-at="2018-08-15T16:37:52Z">
          <reporter-output>
          </reporter-output>
        </test-method> <!-- setUpClass -->
        <test-method status="PASS" signature="feature(cucumber.api.testng.CucumberFeatureWrapper)[pri:0, instance:runner.TestRunner@7a79be86]" name="feature" duration-ms="28621" started-at="2018-08-15T16:37:52Z" description="Runs Cucumber Feature" data-provider="features" finished-at="2018-08-15T16:38:20Z">
          <params>
            <param index="0">
              <value>
                <![CDATA[Login into an application]]>
              </value>
            </param>
          </params>
          <reporter-output>
          </reporter-output>
        </test-method> <!-- feature -->
        <test-method status="PASS" signature="tearDownClass()[pri:0, instance:runner.TestRunner@7a79be86]" name="tearDownClass" is-config="true" duration-ms="9" started-at="2018-08-15T16:38:20Z" finished-at="2018-08-15T16:38:20Z">
          <reporter-output>
          </reporter-output>
        </test-method> <!-- tearDownClass -->
      </class> <!-- runner.TestRunner -->
    </test> <!-- Chrome Test -->
  </suite> <!-- Test Suite -->
</testng-results>
